{"/Users/jess4168/Code/go/src/github.com/offgriddev/estimate-assist/src/esta-action/analyze.ts": {"path":"/Users/jess4168/Code/go/src/github.com/offgriddev/estimate-assist/src/esta-action/analyze.ts","statementMap":{"0":{"start":{"line":1,"column":0},"end":{"line":1,"column":32}},"1":{"start":{"line":2,"column":0},"end":{"line":2,"column":37}},"2":{"start":{"line":3,"column":0},"end":{"line":3,"column":43}},"3":{"start":{"line":4,"column":0},"end":{"line":4,"column":44}},"4":{"start":{"line":11,"column":2},"end":{"line":11,"column":null}},"5":{"start":{"line":12,"column":18},"end":{"line":12,"column":24}},"6":{"start":{"line":13,"column":18},"end":{"line":13,"column":45}},"7":{"start":{"line":14,"column":22},"end":{"line":14,"column":77}},"8":{"start":{"line":15,"column":18},"end":{"line":15,"column":48}},"9":{"start":{"line":17,"column":23},"end":{"line":17,"column":64}},"10":{"start":{"line":17,"column":53},"end":{"line":17,"column":63}},"11":{"start":{"line":18,"column":16},"end":{"line":18,"column":67}},"12":{"start":{"line":18,"column":51},"end":{"line":18,"column":63}},"13":{"start":{"line":19,"column":2},"end":{"line":19,"column":null}},"14":{"start":{"line":20,"column":17},"end":{"line":20,"column":40}},"15":{"start":{"line":21,"column":19},"end":{"line":21,"column":42}},"16":{"start":{"line":22,"column":20},"end":{"line":28,"column":null}},"17":{"start":{"line":29,"column":2},"end":{"line":29,"column":null}},"18":{"start":{"line":30,"column":2},"end":{"line":30,"column":null}},"19":{"start":{"line":32,"column":2},"end":{"line":32,"column":null}},"20":{"start":{"line":33,"column":2},"end":{"line":33,"column":null}},"21":{"start":{"line":6,"column":0},"end":{"line":6,"column":22}}},"fnMap":{"0":{"name":"analyze","decl":{"start":{"line":6,"column":22},"end":{"line":6,"column":29}},"loc":{"start":{"line":9,"column":26},"end":{"line":34,"column":null}}},"1":{"name":"(anonymous_10)","decl":{"start":{"line":17,"column":35},"end":{"line":17,"column":36}},"loc":{"start":{"line":17,"column":53},"end":{"line":17,"column":63}}},"2":{"name":"(anonymous_11)","decl":{"start":{"line":18,"column":36},"end":{"line":18,"column":37}},"loc":{"start":{"line":18,"column":51},"end":{"line":18,"column":63}}}},"branchMap":{},"s":{"0":1,"1":1,"2":1,"3":1,"4":3,"5":3,"6":3,"7":3,"8":3,"9":3,"10":6,"11":3,"12":6,"13":3,"14":3,"15":3,"16":3,"17":3,"18":3,"19":3,"20":3,"21":1},"f":{"0":3,"1":6,"2":6},"b":{}}
}
